0 info it worked if it ends with ok
1 verbose cli [ '/Users/mac/.nvm/versions/node/v4.4.2/bin/node',
1 verbose cli   '/Users/mac/.nvm/versions/node/v4.4.2/bin/npm',
1 verbose cli   'start' ]
2 info using npm@3.10.9
3 info using node@v4.4.2
4 verbose run-script [ 'prestart', 'start', 'poststart' ]
5 info lifecycle c5chat@0.0.0~prestart: c5chat@0.0.0
6 silly lifecycle c5chat@0.0.0~prestart: no script for prestart, continuing
7 info lifecycle c5chat@0.0.0~start: c5chat@0.0.0
8 verbose lifecycle c5chat@0.0.0~start: unsafe-perm in lifecycle true
9 verbose lifecycle c5chat@0.0.0~start: PATH: /Users/mac/.nvm/versions/node/v4.4.2/lib/node_modules/.npm_npminstall/node_modules/.3.10.9@npm/bin/node-gyp-bin:/Users/mac/workspace/c5chat/node_modules/.bin:/Users/mac/.nvm/versions/node/v4.4.2/bin:/usr/local/bin:/usr/bin:/bin:/usr/sbin:/sbin:/usr/local/sbin:/Users/mac/bin/FDK/Tools/osx:/Users/mac/bin/FDK/Tools/osx
10 verbose lifecycle c5chat@0.0.0~start: CWD: /Users/mac/workspace/c5chat
11 silly lifecycle c5chat@0.0.0~start: Args: [ '-c', 'node ./bin/www' ]
12 silly lifecycle c5chat@0.0.0~start: Returned: code: 1  signal: null
13 info lifecycle c5chat@0.0.0~start: Failed to exec start script
14 verbose stack Error: c5chat@0.0.0 start: `node ./bin/www`
14 verbose stack Exit status 1
14 verbose stack     at EventEmitter.<anonymous> (/Users/mac/.nvm/versions/node/v4.4.2/lib/node_modules/.npm_npminstall/node_modules/.3.10.9@npm/lib/utils/lifecycle.js:255:16)
14 verbose stack     at emitTwo (events.js:87:13)
14 verbose stack     at EventEmitter.emit (events.js:172:7)
14 verbose stack     at ChildProcess.<anonymous> (/Users/mac/.nvm/versions/node/v4.4.2/lib/node_modules/.npm_npminstall/node_modules/.3.10.9@npm/lib/utils/spawn.js:40:14)
14 verbose stack     at emitTwo (events.js:87:13)
14 verbose stack     at ChildProcess.emit (events.js:172:7)
14 verbose stack     at maybeClose (internal/child_process.js:827:16)
14 verbose stack     at Process.ChildProcess._handle.onexit (internal/child_process.js:211:5)
15 verbose pkgid c5chat@0.0.0
16 verbose cwd /Users/mac/workspace/c5chat
17 error Darwin 16.1.0
18 error argv "/Users/mac/.nvm/versions/node/v4.4.2/bin/node" "/Users/mac/.nvm/versions/node/v4.4.2/bin/npm" "start"
19 error node v4.4.2
20 error npm  v3.10.9
21 error code ELIFECYCLE
22 error c5chat@0.0.0 start: `node ./bin/www`
22 error Exit status 1
23 error Failed at the c5chat@0.0.0 start script 'node ./bin/www'.
23 error Make sure you have the latest version of node.js and npm installed.
23 error If you do, this is most likely a problem with the c5chat package,
23 error not with npm itself.
23 error Tell the author that this fails on your system:
23 error     node ./bin/www
23 error You can get information on how to open an issue for this project with:
23 error     npm bugs c5chat
23 error Or if that isn't available, you can get their info via:
23 error     npm owner ls c5chat
23 error There is likely additional logging output above.
24 verbose exit [ 1, true ]
